d:\univer\pt_(proiectarea_translatoarelor)\lab\project 1\my_project\m+-project\m+-\debug\vc142.pdb
d:\univer\pt_(proiectarea_translatoarelor)\lab\project 1\my_project\m+-project\m+-\debug\vc142.idb
d:\univer\pt_(proiectarea_translatoarelor)\lab\project 1\my_project\m+-project\m+-\debug\m+-.obj
d:\univer\pt_(proiectarea_translatoarelor)\lab\project 1\my_project\m+-project\m+-\debug\lex.yy.obj
d:\univer\pt_(proiectarea_translatoarelor)\lab\project 1\my_project\m+-project\m+-\debug\c.tab.obj
d:\univer\pt_(proiectarea_translatoarelor)\lab\project 1\my_project\m+-project\m+-\debug\ast.obj
c:\users\sergiuvoloc\desktop\m+-project\m+-project\m+-project\m+-\debug\vc142.pdb
c:\users\sergiuvoloc\desktop\m+-project\m+-project\m+-project\m+-\debug\vc142.idb
c:\users\sergiuvoloc\desktop\m+-project\m+-project\m+-project\m+-\debug\m+-.obj
c:\users\sergiuvoloc\desktop\m+-project\m+-project\m+-project\m+-\debug\c.tab.obj
c:\users\sergiuvoloc\desktop\m+-project\m+-project\m+-project\m+-\debug\ast.obj
c:\users\sergiuvoloc\desktop\m+-project\m+-project\m+-project\m+-\debug\main.obj
d:\univer\pt_(proiectarea_translatoarelor)\lab\project 1\my_project\m+-project\m+-\debug\main.obj
d:\univer\pt_(proiectarea_translatoarelor)\lab\project 1\my_project\m+-project\debug\m+-.exe
d:\univer\pt_(proiectarea_translatoarelor)\lab\project 1\my_project\m+-project\debug\m+-.ilk
d:\univer\pt_(proiectarea_translatoarelor)\lab\project 1\my_project\m+-project\debug\m+-.pdb
d:\univer\pt_(proiectarea_translatoarelor)\lab\project 1\my_project\m+-project\m+-\debug\m+-.tlog\cl.command.1.tlog
d:\univer\pt_(proiectarea_translatoarelor)\lab\project 1\my_project\m+-project\m+-\debug\m+-.tlog\cl.read.1.tlog
d:\univer\pt_(proiectarea_translatoarelor)\lab\project 1\my_project\m+-project\m+-\debug\m+-.tlog\cl.write.1.tlog
d:\univer\pt_(proiectarea_translatoarelor)\lab\project 1\my_project\m+-project\m+-\debug\m+-.tlog\link.command.1.tlog
d:\univer\pt_(proiectarea_translatoarelor)\lab\project 1\my_project\m+-project\m+-\debug\m+-.tlog\link.read.1.tlog
d:\univer\pt_(proiectarea_translatoarelor)\lab\project 1\my_project\m+-project\m+-\debug\m+-.tlog\link.write.1.tlog
